app/build/intermediates/manifest_merge_blame_file/debug/manifest-merger-blame-debug-report.txt
1<?xml version="1.0" encoding="utf-8"?>
2<manifest xmlns:android="http://schemas.android.com/apk/res/android"
3    package="br.com.fgomes.cgd"
4    android:versionCode="6"
5    android:versionName="6.0" >
6
7    <uses-sdk
8        android:minSdkVersion="26"
8-->src\main\AndroidManifest.xml
9        android:targetSdkVersion="33" />
9-->src\main\AndroidManifest.xml
10
11    <uses-permission android:name="com.android.launcher.permission.INSTALL_SHORTCUT" />
11-->src\main\AndroidManifest.xml:6:5-88
11-->src\main\AndroidManifest.xml:6:22-85
12    <uses-permission android:name="android.permission.SEND_SMS" />
12-->src\main\AndroidManifest.xml:7:5-67
12-->src\main\AndroidManifest.xml:7:22-64
13    <uses-permission android:name="android.permission.RECEIVE_SMS" />
13-->src\main\AndroidManifest.xml:8:5-70
13-->src\main\AndroidManifest.xml:8:22-67
14    <uses-permission android:name="android.permission.READ_CONTACTS" />
14-->src\main\AndroidManifest.xml:9:5-72
14-->src\main\AndroidManifest.xml:9:22-69
15    <uses-permission android:name="android.permission.WRITE_EXTERNAL_STORAGE" />
15-->src\main\AndroidManifest.xml:10:5-81
15-->src\main\AndroidManifest.xml:10:22-78
16
17    <application
17-->src\main\AndroidManifest.xml:12:5-81:19
18        android:allowBackup="true"
18-->src\main\AndroidManifest.xml:13:9-35
19        android:appComponentFactory="androidx.core.app.CoreComponentFactory"
19-->[androidx.core:core:1.8.0] AndroidManifest.xml:24:18-86
20        android:debuggable="true"
21        android:extractNativeLibs="false"
22        android:icon="@drawable/ic_launcher"
22-->src\main\AndroidManifest.xml:14:9-45
23        android:label="@string/app_name"
23-->src\main\AndroidManifest.xml:15:9-41
24        android:testOnly="true"
25        android:theme="@style/AppTheme" >
25-->src\main\AndroidManifest.xml:16:9-40
26        <activity
26-->src\main\AndroidManifest.xml:17:9-25:20
27            android:name="br.com.fgomes.cgd.activities.MainActivity"
27-->src\main\AndroidManifest.xml:18:13-52
28            android:exported="true" >
28-->src\main\AndroidManifest.xml:19:13-36
29            <intent-filter>
29-->src\main\AndroidManifest.xml:20:13-24:29
30                <action android:name="android.intent.action.MAIN" />
30-->src\main\AndroidManifest.xml:21:17-69
30-->src\main\AndroidManifest.xml:21:25-66
31
32                <category android:name="android.intent.category.LAUNCHER" />
32-->src\main\AndroidManifest.xml:23:17-77
32-->src\main\AndroidManifest.xml:23:27-74
33            </intent-filter>
34        </activity>
35        <activity
35-->src\main\AndroidManifest.xml:26:9-30:45
36            android:name="br.com.fgomes.cgd.activities.CadastroGrupoActivity"
36-->src\main\AndroidManifest.xml:27:13-61
37            android:excludeFromRecents="true"
37-->src\main\AndroidManifest.xml:28:13-46
38            android:label="@string/title_activity_cadastro_grupo"
38-->src\main\AndroidManifest.xml:29:13-66
39            android:noHistory="true" />
39-->src\main\AndroidManifest.xml:30:9-33
40        <activity
40-->src\main\AndroidManifest.xml:31:9-34:45
41            android:name="br.com.fgomes.cgd.activities.GrupoInicioActivity"
41-->src\main\AndroidManifest.xml:32:13-59
42            android:excludeFromRecents="true"
42-->src\main\AndroidManifest.xml:33:13-46
43            android:noHistory="true" />
43-->src\main\AndroidManifest.xml:34:9-33
44        <activity
44-->src\main\AndroidManifest.xml:35:9-38:76
45            android:name="br.com.fgomes.cgd.activities.CadastroJogadorActivity"
45-->src\main\AndroidManifest.xml:36:13-63
46            android:excludeFromRecents="true"
46-->src\main\AndroidManifest.xml:37:13-46
47            android:label="@string/title_activity_cadastro_jogador" />
47-->src\main\AndroidManifest.xml:38:9-64
48        <activity
48-->src\main\AndroidManifest.xml:39:9-43:45
49            android:name="br.com.fgomes.cgd.activities.EsqueciSenhaGrupoActivity"
49-->src\main\AndroidManifest.xml:40:13-65
50            android:excludeFromRecents="true"
50-->src\main\AndroidManifest.xml:41:13-46
51            android:label="@string/title_activity_esqueci_senha_grupo"
51-->src\main\AndroidManifest.xml:42:13-71
52            android:noHistory="true" />
52-->src\main\AndroidManifest.xml:43:9-33
53        <activity
53-->src\main\AndroidManifest.xml:44:9-48:45
54            android:name="br.com.fgomes.cgd.activities.ConsultaJogadorActivity"
54-->src\main\AndroidManifest.xml:45:13-63
55            android:excludeFromRecents="true"
55-->src\main\AndroidManifest.xml:46:13-46
56            android:label="@string/title_activity_consulta_jogador"
56-->src\main\AndroidManifest.xml:47:13-68
57            android:noHistory="true" />
57-->src\main\AndroidManifest.xml:48:9-33
58        <activity
58-->src\main\AndroidManifest.xml:49:9-51:73
59            android:name="br.com.fgomes.cgd.activities.RemoverPontoActivity"
59-->src\main\AndroidManifest.xml:50:13-60
60            android:label="@string/title_activity_remover_ponto" />
60-->src\main\AndroidManifest.xml:51:9-61
61        <activity
61-->src\main\AndroidManifest.xml:52:9-54:82
62            android:name="br.com.fgomes.cgd.activities.ConsultaPontoJogadorActivity"
62-->src\main\AndroidManifest.xml:53:13-68
63            android:label="@string/title_activity_consulta_ponto_jogador" />
63-->src\main\AndroidManifest.xml:54:9-70
64        <activity
64-->src\main\AndroidManifest.xml:55:9-57:80
65            android:name="br.com.fgomes.cgd.activities.ConsultarPontosDiaActivity"
65-->src\main\AndroidManifest.xml:56:13-66
66            android:label="@string/title_activity_consultar_pontos_dia" />
66-->src\main\AndroidManifest.xml:57:9-68
67        <activity
67-->src\main\AndroidManifest.xml:58:9-60:78
68            android:name="br.com.fgomes.cgd.activities.GraficoPontosDiaActivity"
68-->src\main\AndroidManifest.xml:59:13-64
69            android:label="@string/title_activity_grafico_pontos_dia" />
69-->src\main\AndroidManifest.xml:60:9-66
70        <activity
70-->src\main\AndroidManifest.xml:61:9-63:72
71            android:name="br.com.fgomes.cgd.activities.PartidasMesActivity"
71-->src\main\AndroidManifest.xml:62:13-59
72            android:label="@string/title_activity_partidas_mes" />
72-->src\main\AndroidManifest.xml:63:9-60
73        <activity
73-->src\main\AndroidManifest.xml:64:9-66:65
74            android:name="br.com.fgomes.cgd.activities.MarcarPontoActivity"
74-->src\main\AndroidManifest.xml:65:13-59
75            android:label="@string/title_activity_point" />
75-->src\main\AndroidManifest.xml:66:9-53
76        <activity
76-->src\main\AndroidManifest.xml:67:9-69:69
77            android:name="br.com.fgomes.cgd.activities.MarcarPonto2Activity"
77-->src\main\AndroidManifest.xml:68:13-60
78            android:label="@string/title_activity_point" />
78-->src\main\AndroidManifest.xml:69:13-57
79        <activity
79-->src\main\AndroidManifest.xml:70:9-72:73
80            android:name="br.com.fgomes.cgd.activities.PontosDiaActivity"
80-->src\main\AndroidManifest.xml:71:13-57
81            android:label="@string/title_activity_pontos_perido" />
81-->src\main\AndroidManifest.xml:72:9-61
82        <activity
82-->src\main\AndroidManifest.xml:73:9-75:52
83            android:name="br.com.fgomes.cgd.activities.WinnersActivity"
83-->src\main\AndroidManifest.xml:74:13-55
84            android:label="@string/winners" />
84-->src\main\AndroidManifest.xml:75:9-40
85        <activity
85-->src\main\AndroidManifest.xml:76:9-80:58
86            android:name="br.com.fgomes.cgd.activities.LoginActivity"
86-->src\main\AndroidManifest.xml:77:13-53
87            android:exported="false"
87-->src\main\AndroidManifest.xml:78:13-37
88            android:label="@string/title_activity_login"
88-->src\main\AndroidManifest.xml:79:13-57
89            android:theme="@style/AppTheme.NoActionBar" />
89-->src\main\AndroidManifest.xml:80:13-56
90        <activity
90-->[androidx.compose.ui:ui-tooling:1.3.0] AndroidManifest.xml:23:9-25:39
91            android:name="androidx.compose.ui.tooling.PreviewActivity"
91-->[androidx.compose.ui:ui-tooling:1.3.0] AndroidManifest.xml:24:13-71
92            android:exported="true" />
92-->[androidx.compose.ui:ui-tooling:1.3.0] AndroidManifest.xml:25:13-36
93
94        <uses-library
94-->[androidx.window:window:1.0.0] AndroidManifest.xml:25:9-27:40
95            android:name="androidx.window.extensions"
95-->[androidx.window:window:1.0.0] AndroidManifest.xml:26:13-54
96            android:required="false" />
96-->[androidx.window:window:1.0.0] AndroidManifest.xml:27:13-37
97        <uses-library
97-->[androidx.window:window:1.0.0] AndroidManifest.xml:28:9-30:40
98            android:name="androidx.window.sidecar"
98-->[androidx.window:window:1.0.0] AndroidManifest.xml:29:13-51
99            android:required="false" />
99-->[androidx.window:window:1.0.0] AndroidManifest.xml:30:13-37
100
101        <activity
101-->[androidx.compose.ui:ui-test-manifest:1.3.0] AndroidManifest.xml:23:9-25:39
102            android:name="androidx.activity.ComponentActivity"
102-->[androidx.compose.ui:ui-test-manifest:1.3.0] AndroidManifest.xml:24:13-63
103            android:exported="true" />
103-->[androidx.compose.ui:ui-test-manifest:1.3.0] AndroidManifest.xml:25:13-36
104
105        <provider
105-->[androidx.emoji2:emoji2:1.0.0] AndroidManifest.xml:26:9-34:20
106            android:name="androidx.startup.InitializationProvider"
106-->[androidx.emoji2:emoji2:1.0.0] AndroidManifest.xml:27:13-67
107            android:authorities="br.com.fgomes.cgd.androidx-startup"
107-->[androidx.emoji2:emoji2:1.0.0] AndroidManifest.xml:28:13-68
108            android:exported="false" >
108-->[androidx.emoji2:emoji2:1.0.0] AndroidManifest.xml:29:13-37
109            <meta-data
109-->[androidx.emoji2:emoji2:1.0.0] AndroidManifest.xml:31:13-33:52
110                android:name="androidx.emoji2.text.EmojiCompatInitializer"
110-->[androidx.emoji2:emoji2:1.0.0] AndroidManifest.xml:32:17-75
111                android:value="androidx.startup" />
111-->[androidx.emoji2:emoji2:1.0.0] AndroidManifest.xml:33:17-49
112            <meta-data
112-->[androidx.lifecycle:lifecycle-process:2.4.0] AndroidManifest.xml:31:13-33:52
113                android:name="androidx.lifecycle.ProcessLifecycleInitializer"
113-->[androidx.lifecycle:lifecycle-process:2.4.0] AndroidManifest.xml:32:17-78
114                android:value="androidx.startup" />
114-->[androidx.lifecycle:lifecycle-process:2.4.0] AndroidManifest.xml:33:17-49
115            <meta-data
115-->[androidx.profileinstaller:profileinstaller:1.2.0] AndroidManifest.xml:30:13-32:52
116                android:name="androidx.profileinstaller.ProfileInstallerInitializer"
116-->[androidx.profileinstaller:profileinstaller:1.2.0] AndroidManifest.xml:31:17-85
117                android:value="androidx.startup" />
117-->[androidx.profileinstaller:profileinstaller:1.2.0] AndroidManifest.xml:32:17-49
118        </provider>
119
120        <service
120-->[androidx.room:room-runtime:2.2.5] AndroidManifest.xml:25:9-28:40
121            android:name="androidx.room.MultiInstanceInvalidationService"
121-->[androidx.room:room-runtime:2.2.5] AndroidManifest.xml:26:13-74
122            android:directBootAware="true"
122-->[androidx.room:room-runtime:2.2.5] AndroidManifest.xml:27:13-43
123            android:exported="false" />
123-->[androidx.room:room-runtime:2.2.5] AndroidManifest.xml:28:13-37
124
125        <receiver
125-->[androidx.profileinstaller:profileinstaller:1.2.0] AndroidManifest.xml:35:9-47:20
126            android:name="androidx.profileinstaller.ProfileInstallReceiver"
126-->[androidx.profileinstaller:profileinstaller:1.2.0] AndroidManifest.xml:36:13-76
127            android:directBootAware="false"
127-->[androidx.profileinstaller:profileinstaller:1.2.0] AndroidManifest.xml:37:13-44
128            android:enabled="true"
128-->[androidx.profileinstaller:profileinstaller:1.2.0] AndroidManifest.xml:38:13-35
129            android:exported="true"
129-->[androidx.profileinstaller:profileinstaller:1.2.0] AndroidManifest.xml:39:13-36
130            android:permission="android.permission.DUMP" >
130-->[androidx.profileinstaller:profileinstaller:1.2.0] AndroidManifest.xml:40:13-57
131            <intent-filter>
131-->[androidx.profileinstaller:profileinstaller:1.2.0] AndroidManifest.xml:41:13-43:29
132                <action android:name="androidx.profileinstaller.action.INSTALL_PROFILE" />
132-->[androidx.profileinstaller:profileinstaller:1.2.0] AndroidManifest.xml:42:17-91
132-->[androidx.profileinstaller:profileinstaller:1.2.0] AndroidManifest.xml:42:25-88
133            </intent-filter>
134            <intent-filter>
134-->[androidx.profileinstaller:profileinstaller:1.2.0] AndroidManifest.xml:44:13-46:29
135                <action android:name="androidx.profileinstaller.action.SKIP_FILE" />
135-->[androidx.profileinstaller:profileinstaller:1.2.0] AndroidManifest.xml:45:17-85
135-->[androidx.profileinstaller:profileinstaller:1.2.0] AndroidManifest.xml:45:25-82
136            </intent-filter>
137        </receiver>
138    </application>
139
140</manifest>